<?xml version="1.0" encoding="UTF-8"?>
<!-- Generated by org.testng.reporters.JUnitReportReporter -->
<testsuite hostname="LAPTOP-J5R2FQMB" name="TestNGClass.TestNG_01" tests="3" failures="0" timestamp="26 Jan 2021 15:54:54 GMT" time="124.615" errors="0">
  <testcase name="IndianArmysiteLaunch" time="60.893" classname="TestNGClass.TestNG_01"/>
  <testcase name="IndianArmyRegistrationLaunch" time="42.741" classname="TestNGClass.TestNG_01"/>
  <testcase name="IndianArmyUserValidation" time="20.981" classname="TestNGClass.TestNG_01"/>
</testsuite> <!-- TestNGClass.TestNG_01 -->
