<?xml version="1.0" encoding="UTF-8"?>
<!-- Generated by org.testng.reporters.JUnitReportReporter -->
<testsuite hostname="LAPTOP-J5R2FQMB" name="TestNGClass.TestNG_01" tests="3" failures="0" timestamp="27 Dec 2020 08:42:26 GMT" time="54.568" errors="0">
  <testcase name="IndianArmyRegistrationLaunch" time="29.303" classname="TestNGClass.TestNG_01"/>
  <testcase name="IndianArmysiteLaunch" time="13.018" classname="TestNGClass.TestNG_01"/>
  <testcase name="IndianArmyUserValidation" time="12.247" classname="TestNGClass.TestNG_01"/>
</testsuite> <!-- TestNGClass.TestNG_01 -->
